  szablony.cpp
E:\szczudel\obiektowe\szablony\szablony\szablony.cpp(32,61): warning C4244: 'argument': conversion from 'float' to 'T', possible loss of data
          with
          [
              T=int
          ]
E:\szczudel\obiektowe\szablony\szablony\szablony.cpp(32,55): warning C4244: 'argument': conversion from 'float' to 'T', possible loss of data
          with
          [
              T=int
          ]
E:\szczudel\obiektowe\szablony\szablony\szablony.cpp(33,63): warning C4244: 'argument': conversion from 'float' to 'T', possible loss of data
          with
          [
              T=int
          ]
E:\szczudel\obiektowe\szablony\szablony\szablony.cpp(33,57): warning C4244: 'argument': conversion from 'float' to 'T', possible loss of data
          with
          [
              T=int
          ]
E:\szczudel\obiektowe\szablony\szablony\szablony.cpp(21,18): warning C4244: 'return': conversion from 'double' to 'O', possible loss of data
          with
          [
              O=float
          ]
E:\szczudel\obiektowe\szablony\szablony\szablony.cpp(38): message : see reference to function template instantiation 'O poleKo<float>(O)' being compiled
          with
          [
              O=float
          ]
E:\szczudel\obiektowe\szablony\szablony\szablony.cpp(25,22): warning C4244: 'return': conversion from 'double' to 'O', possible loss of data
          with
          [
              O=float
          ]
E:\szczudel\obiektowe\szablony\szablony\szablony.cpp(39): message : see reference to function template instantiation 'O obwodKo<float>(O)' being compiled
          with
          [
              O=float
          ]
  szablony.vcxproj -> E:\szczudel\obiektowe\szablony\x64\Debug\szablony.exe
